<?xml version="1.0" encoding="UTF-8"?>
<testsuite xmlns:xsi="http://www.w3.org/2001/XMLSchema-instance" xsi:noNamespaceSchemaLocation="https://maven.apache.org/surefire/maven-surefire-plugin/xsd/surefire-test-report-3.0.xsd" version="3.0" name="TestSuite" time="6.657" tests="4" errors="0" skipped="0" failures="0">
  <properties>
    <property name="java.specification.version" value="19"/>
    <property name="sun.cpu.isalist" value="amd64"/>
    <property name="sun.jnu.encoding" value="Cp1252"/>
    <property name="java.class.path" value="C:\Users\alex1\.m2\repository\org\apache\maven\surefire\surefire-booter\3.0.0-M6\surefire-booter-3.0.0-M6.jar;C:\Users\alex1\.m2\repository\org\apache\maven\surefire\surefire-api\3.0.0-M6\surefire-api-3.0.0-M6.jar;C:\Users\alex1\.m2\repository\org\apache\maven\surefire\surefire-logger-api\3.0.0-M6\surefire-logger-api-3.0.0-M6.jar;C:\Users\alex1\.m2\repository\org\apache\maven\surefire\surefire-shared-utils\3.0.0-M6\surefire-shared-utils-3.0.0-M6.jar;C:\Users\alex1\.m2\repository\org\apache\maven\surefire\surefire-extensions-spi\3.0.0-M6\surefire-extensions-spi-3.0.0-M6.jar;C:\Users\alex1\coding\carina_demo\carina.test\target\test-classes;C:\Users\alex1\coding\carina_demo\carina.test\target\classes;C:\Users\alex1\.m2\repository\com\qaprosoft\carina-core\8.0.4\carina-core-8.0.4.jar;C:\Users\alex1\.m2\repository\com\qaprosoft\carina-dataprovider\8.0.4\carina-dataprovider-8.0.4.jar;C:\Users\alex1\.m2\repository\net\sf\opencsv\opencsv\1.7\opencsv-1.7.jar;C:\Users\alex1\.m2\repository\org\apache\poi\poi-ooxml\4.1.2\poi-ooxml-4.1.2.jar;C:\Users\alex1\.m2\repository\org\apache\poi\poi\4.1.2\poi-4.1.2.jar;C:\Users\alex1\.m2\repository\org\apache\commons\commons-collections4\4.4\commons-collections4-4.4.jar;C:\Users\alex1\.m2\repository\org\apache\commons\commons-math3\3.6.1\commons-math3-3.6.1.jar;C:\Users\alex1\.m2\repository\com\zaxxer\SparseBitSet\1.2\SparseBitSet-1.2.jar;C:\Users\alex1\.m2\repository\org\apache\poi\poi-ooxml-schemas\4.1.2\poi-ooxml-schemas-4.1.2.jar;C:\Users\alex1\.m2\repository\org\apache\xmlbeans\xmlbeans\3.1.0\xmlbeans-3.1.0.jar;C:\Users\alex1\.m2\repository\org\apache\commons\commons-compress\1.19\commons-compress-1.19.jar;C:\Users\alex1\.m2\repository\com\github\virtuald\curvesapi\1.06\curvesapi-1.06.jar;C:\Users\alex1\.m2\repository\com\zebrunner\carina-utils\1.0.0\carina-utils-1.0.0.jar;C:\Users\alex1\.m2\repository\com\zebrunner\carina-crypto\1.0.0\carina-crypto-1.0.0.jar;C:\Users\alex1\.m2\repository\commons-cli\commons-cli\1.5.0\commons-cli-1.5.0.jar;C:\Users\alex1\.m2\repository\commons-io\commons-io\2.7\commons-io-2.7.jar;C:\Users\alex1\.m2\repository\org\seleniumhq\selenium\selenium-api\4.4.0\selenium-api-4.4.0.jar;C:\Users\alex1\.m2\repository\org\seleniumhq\selenium\selenium-remote-driver\4.4.0\selenium-remote-driver-4.4.0.jar;C:\Users\alex1\.m2\repository\io\netty\netty-buffer\4.1.78.Final\netty-buffer-4.1.78.Final.jar;C:\Users\alex1\.m2\repository\io\netty\netty-codec-http\4.1.78.Final\netty-codec-http-4.1.78.Final.jar;C:\Users\alex1\.m2\repository\io\netty\netty-common\4.1.78.Final\netty-common-4.1.78.Final.jar;C:\Users\alex1\.m2\repository\io\netty\netty-transport-classes-epoll\4.1.78.Final\netty-transport-classes-epoll-4.1.78.Final.jar;C:\Users\alex1\.m2\repository\io\netty\netty-transport-classes-kqueue\4.1.78.Final\netty-transport-classes-kqueue-4.1.78.Final.jar;C:\Users\alex1\.m2\repository\io\netty\netty-transport-native-epoll\4.1.78.Final\netty-transport-native-epoll-4.1.78.Final.jar;C:\Users\alex1\.m2\repository\io\netty\netty-transport-native-kqueue\4.1.78.Final\netty-transport-native-kqueue-4.1.78.Final.jar;C:\Users\alex1\.m2\repository\io\netty\netty-transport-native-unix-common\4.1.78.Final\netty-transport-native-unix-common-4.1.78.Final.jar;C:\Users\alex1\.m2\repository\io\netty\netty-transport\4.1.78.Final\netty-transport-4.1.78.Final.jar;C:\Users\alex1\.m2\repository\io\opentelemetry\opentelemetry-api\1.16.0\opentelemetry-api-1.16.0.jar;C:\Users\alex1\.m2\repository\io\opentelemetry\opentelemetry-context\1.16.0\opentelemetry-context-1.16.0.jar;C:\Users\alex1\.m2\repository\io\opentelemetry\opentelemetry-exporter-logging\1.16.0\opentelemetry-exporter-logging-1.16.0.jar;C:\Users\alex1\.m2\repository\io\opentelemetry\opentelemetry-sdk-metrics\1.16.0\opentelemetry-sdk-metrics-1.16.0.jar;C:\Users\alex1\.m2\repository\io\opentelemetry\opentelemetry-sdk-logs\1.16.0-alpha\opentelemetry-sdk-logs-1.16.0-alpha.jar;C:\Users\alex1\.m2\repository\io\opentelemetry\opentelemetry-sdk-common\1.16.0\opentelemetry-sdk-common-1.16.0.jar;C:\Users\alex1\.m2\repository\io\opentelemetry\opentelemetry-sdk-extension-autoconfigure-spi\1.16.0\opentelemetry-sdk-extension-autoconfigure-spi-1.16.0.jar;C:\Users\alex1\.m2\repository\io\opentelemetry\opentelemetry-sdk-extension-autoconfigure\1.16.0-alpha\opentelemetry-sdk-extension-autoconfigure-1.16.0-alpha.jar;C:\Users\alex1\.m2\repository\io\opentelemetry\opentelemetry-sdk-trace\1.16.0\opentelemetry-sdk-trace-1.16.0.jar;C:\Users\alex1\.m2\repository\io\opentelemetry\opentelemetry-sdk\1.16.0\opentelemetry-sdk-1.16.0.jar;C:\Users\alex1\.m2\repository\io\opentelemetry\opentelemetry-semconv\1.16.0-alpha\opentelemetry-semconv-1.16.0-alpha.jar;C:\Users\alex1\.m2\repository\io\ous\jtoml\2.0.0\jtoml-2.0.0.jar;C:\Users\alex1\.m2\repository\org\apache\commons\commons-exec\1.3\commons-exec-1.3.jar;C:\Users\alex1\.m2\repository\org\asynchttpclient\async-http-client\2.12.3\async-http-client-2.12.3.jar;C:\Users\alex1\.m2\repository\org\asynchttpclient\async-http-client-netty-utils\2.12.3\async-http-client-netty-utils-2.12.3.jar;C:\Users\alex1\.m2\repository\org\reactivestreams\reactive-streams\1.0.3\reactive-streams-1.0.3.jar;C:\Users\alex1\.m2\repository\com\typesafe\netty\netty-reactive-streams\2.0.4\netty-reactive-streams-2.0.4.jar;C:\Users\alex1\.m2\repository\com\sun\activation\jakarta.activation\1.2.2\jakarta.activation-1.2.2.jar;C:\Users\alex1\.m2\repository\org\seleniumhq\selenium\selenium-http\4.4.0\selenium-http-4.4.0.jar;C:\Users\alex1\.m2\repository\dev\failsafe\failsafe\3.2.4\failsafe-3.2.4.jar;C:\Users\alex1\.m2\repository\com\sun\jna\jna\3.0.9\jna-3.0.9.jar;C:\Users\alex1\.m2\repository\io\rest-assured\rest-assured\4.3.0\rest-assured-4.3.0.jar;C:\Users\alex1\.m2\repository\org\codehaus\groovy\groovy\3.0.2\groovy-3.0.2.jar;C:\Users\alex1\.m2\repository\org\codehaus\groovy\groovy-xml\3.0.2\groovy-xml-3.0.2.jar;C:\Users\alex1\.m2\repository\org\apache\httpcomponents\httpmime\4.5.3\httpmime-4.5.3.jar;C:\Users\alex1\.m2\repository\org\hamcrest\hamcrest\2.1\hamcrest-2.1.jar;C:\Users\alex1\.m2\repository\org\ccil\cowan\tagsoup\tagsoup\1.2.1\tagsoup-1.2.1.jar;C:\Users\alex1\.m2\repository\io\rest-assured\xml-path\4.3.0\xml-path-4.3.0.jar;C:\Users\alex1\.m2\repository\jakarta\xml\bind\jakarta.xml.bind-api\2.3.2\jakarta.xml.bind-api-2.3.2.jar;C:\Users\alex1\.m2\repository\jakarta\activation\jakarta.activation-api\1.2.1\jakarta.activation-api-1.2.1.jar;C:\Users\alex1\.m2\repository\com\sun\xml\bind\jaxb-osgi\2.3.0.1\jaxb-osgi-2.3.0.1.jar;C:\Users\alex1\.m2\repository\org\apache\sling\org.apache.sling.javax.activation\0.1.0\org.apache.sling.javax.activation-0.1.0.jar;C:\Users\alex1\.m2\repository\io\rest-assured\json-path\4.3.0\json-path-4.3.0.jar;C:\Users\alex1\.m2\repository\org\codehaus\groovy\groovy-json\3.0.2\groovy-json-3.0.2.jar;C:\Users\alex1\.m2\repository\io\rest-assured\rest-assured-common\4.3.0\rest-assured-common-4.3.0.jar;C:\Users\alex1\.m2\repository\org\apache\pdfbox\pdfbox\2.0.24\pdfbox-2.0.24.jar;C:\Users\alex1\.m2\repository\org\apache\pdfbox\fontbox\2.0.24\fontbox-2.0.24.jar;C:\Users\alex1\.m2\repository\com\fasterxml\jackson\core\jackson-core\2.13.3\jackson-core-2.13.3.jar;C:\Users\alex1\.m2\repository\com\fasterxml\jackson\core\jackson-databind\2.13.3\jackson-databind-2.13.3.jar;C:\Users\alex1\.m2\repository\com\fasterxml\jackson\core\jackson-annotations\2.13.3\jackson-annotations-2.13.3.jar;C:\Users\alex1\.m2\repository\org\mongodb\mongo-java-driver\2.11.3\mongo-java-driver-2.11.3.jar;C:\Users\alex1\.m2\repository\joda-time\joda-time\2.9.9\joda-time-2.9.9.jar;C:\Users\alex1\.m2\repository\commons-net\commons-net\3.3\commons-net-3.3.jar;C:\Users\alex1\.m2\repository\org\imgscalr\imgscalr-lib\4.2\imgscalr-lib-4.2.jar;C:\Users\alex1\.m2\repository\com\google\code\gson\gson\2.9.0\gson-2.9.0.jar;C:\Users\alex1\.m2\repository\javax\xml\bind\jaxb-api\2.2.2\jaxb-api-2.2.2.jar;C:\Users\alex1\.m2\repository\javax\xml\stream\stax-api\1.0-2\stax-api-1.0-2.jar;C:\Users\alex1\.m2\repository\javax\activation\activation\1.1\activation-1.1.jar;C:\Users\alex1\.m2\repository\com\qaprosoft\carina-api\8.0.4\carina-api-8.0.4.jar;C:\Users\alex1\.m2\repository\org\apache\httpcomponents\httpclient\4.5.13\httpclient-4.5.13.jar;C:\Users\alex1\.m2\repository\org\apache\httpcomponents\httpcore\4.4.13\httpcore-4.4.13.jar;C:\Users\alex1\.m2\repository\org\apache\commons\commons-configuration2\2.8.0\commons-configuration2-2.8.0.jar;C:\Users\alex1\.m2\repository\org\apache\commons\commons-text\1.10.0\commons-text-1.10.0.jar;C:\Users\alex1\.m2\repository\org\freemarker\freemarker\2.3.31\freemarker-2.3.31.jar;C:\Users\alex1\.m2\repository\org\skyscreamer\jsonassert\1.5.0\jsonassert-1.5.0.jar;C:\Users\alex1\.m2\repository\ognl\ognl\3.3.2\ognl-3.3.2.jar;C:\Users\alex1\.m2\repository\org\javassist\javassist\3.28.0-GA\javassist-3.28.0-GA.jar;C:\Users\alex1\.m2\repository\org\xmlunit\xmlunit-assertj3\2.8.2\xmlunit-assertj3-2.8.2.jar;C:\Users\alex1\.m2\repository\org\xmlunit\xmlunit-core\2.8.2\xmlunit-core-2.8.2.jar;C:\Users\alex1\.m2\repository\org\assertj\assertj-core\3.18.1\assertj-core-3.18.1.jar;C:\Users\alex1\.m2\repository\io\rest-assured\json-schema-validator\4.3.0\json-schema-validator-4.3.0.jar;C:\Users\alex1\.m2\repository\com\github\java-json-tools\json-schema-validator\2.2.10\json-schema-validator-2.2.10.jar;C:\Users\alex1\.m2\repository\com\github\java-json-tools\json-schema-core\1.2.10\json-schema-core-1.2.10.jar;C:\Users\alex1\.m2\repository\com\github\java-json-tools\jackson-coreutils\1.9\jackson-coreutils-1.9.jar;C:\Users\alex1\.m2\repository\com\github\fge\msg-simple\1.1\msg-simple-1.1.jar;C:\Users\alex1\.m2\repository\com\github\fge\btf\1.2\btf-1.2.jar;C:\Users\alex1\.m2\repository\com\github\fge\uri-template\0.9\uri-template-0.9.jar;C:\Users\alex1\.m2\repository\org\mozilla\rhino\1.7.7.1\rhino-1.7.7.1.jar;C:\Users\alex1\.m2\repository\javax\mail\mailapi\1.4.3\mailapi-1.4.3.jar;C:\Users\alex1\.m2\repository\com\googlecode\libphonenumber\libphonenumber\8.0.0\libphonenumber-8.0.0.jar;C:\Users\alex1\.m2\repository\net\sf\jopt-simple\jopt-simple\5.0.3\jopt-simple-5.0.3.jar;C:\Users\alex1\.m2\repository\org\everit\json\org.everit.json.schema\1.5.1\org.everit.json.schema-1.5.1.jar;C:\Users\alex1\.m2\repository\org\json\json\20160810\json-20160810.jar;C:\Users\alex1\.m2\repository\com\jayway\jsonpath\json-path\2.5.0\json-path-2.5.0.jar;C:\Users\alex1\.m2\repository\net\minidev\json-smart\2.3\json-smart-2.3.jar;C:\Users\alex1\.m2\repository\net\minidev\accessors-smart\1.2\accessors-smart-1.2.jar;C:\Users\alex1\.m2\repository\com\qaprosoft\carina-reporting\8.0.4\carina-reporting-8.0.4.jar;C:\Users\alex1\.m2\repository\com\qaprosoft\carina-webdriver\8.0.4\carina-webdriver-8.0.4.jar;C:\Users\alex1\.m2\repository\org\seleniumhq\selenium\selenium-firefox-driver\4.4.0\selenium-firefox-driver-4.4.0.jar;C:\Users\alex1\.m2\repository\org\seleniumhq\selenium\selenium-devtools-v85\4.4.0\selenium-devtools-v85-4.4.0.jar;C:\Users\alex1\.m2\repository\org\seleniumhq\selenium\selenium-chrome-driver\4.4.0\selenium-chrome-driver-4.4.0.jar;C:\Users\alex1\.m2\repository\org\seleniumhq\selenium\selenium-chromium-driver\4.4.0\selenium-chromium-driver-4.4.0.jar;C:\Users\alex1\.m2\repository\ru\yandex\qatools\ashot\ashot\1.5.4\ashot-1.5.4.jar;C:\Users\alex1\.m2\repository\com\itextpdf\itextpdf\5.5.13.2\itextpdf-5.5.13.2.jar;C:\Users\alex1\.m2\repository\org\reflections\reflections\0.9.10\reflections-0.9.10.jar;C:\Users\alex1\.m2\repository\com\google\code\findbugs\annotations\2.0.1\annotations-2.0.1.jar;C:\Users\alex1\.m2\repository\com\sun\jersey\jersey-core\1.19.4\jersey-core-1.19.4.jar;C:\Users\alex1\.m2\repository\javax\ws\rs\jsr311-api\1.1.1\jsr311-api-1.1.1.jar;C:\Users\alex1\.m2\repository\org\hamcrest\hamcrest-core\1.3\hamcrest-core-1.3.jar;C:\Users\alex1\.m2\repository\org\hamcrest\hamcrest-all\1.3\hamcrest-all-1.3.jar;C:\Users\alex1\.m2\repository\com\zebrunner\carina-proxy\1.0.0\carina-proxy-1.0.0.jar;C:\Users\alex1\.m2\repository\com\browserup\browserup-proxy-core\2.1.2\browserup-proxy-core-2.1.2.jar;C:\Users\alex1\.m2\repository\xyz\rogfam\littleproxy\2.0.0-beta-5\littleproxy-2.0.0-beta-5.jar;C:\Users\alex1\.m2\repository\com\barchart\udt\barchart-udt-bundle\2.3.0\barchart-udt-bundle-2.3.0.jar;C:\Users\alex1\.m2\repository\com\browserup\browserup-proxy-mitm\2.1.2\browserup-proxy-mitm-2.1.2.jar;C:\Users\alex1\.m2\repository\com\jcraft\jzlib\1.1.3\jzlib-1.1.3.jar;C:\Users\alex1\.m2\repository\dnsjava\dnsjava\3.1.0\dnsjava-3.1.0.jar;C:\Users\alex1\.m2\repository\org\bouncycastle\bcpkix-jdk15on\1.64\bcpkix-jdk15on-1.64.jar;C:\Users\alex1\.m2\repository\org\bouncycastle\bcprov-jdk15on\1.64\bcprov-jdk15on-1.64.jar;C:\Users\alex1\.m2\repository\org\brotli\dec\0.1.2\dec-0.1.2.jar;C:\Users\alex1\.m2\repository\org\slf4j\jcl-over-slf4j\1.7.30\jcl-over-slf4j-1.7.30.jar;C:\Users\alex1\.m2\repository\io\netty\netty-all\4.1.80.Final\netty-all-4.1.80.Final.jar;C:\Users\alex1\.m2\repository\io\netty\netty-codec\4.1.80.Final\netty-codec-4.1.80.Final.jar;C:\Users\alex1\.m2\repository\io\netty\netty-codec-dns\4.1.80.Final\netty-codec-dns-4.1.80.Final.jar;C:\Users\alex1\.m2\repository\io\netty\netty-codec-haproxy\4.1.80.Final\netty-codec-haproxy-4.1.80.Final.jar;C:\Users\alex1\.m2\repository\io\netty\netty-codec-http2\4.1.80.Final\netty-codec-http2-4.1.80.Final.jar;C:\Users\alex1\.m2\repository\io\netty\netty-codec-memcache\4.1.80.Final\netty-codec-memcache-4.1.80.Final.jar;C:\Users\alex1\.m2\repository\io\netty\netty-codec-mqtt\4.1.80.Final\netty-codec-mqtt-4.1.80.Final.jar;C:\Users\alex1\.m2\repository\io\netty\netty-codec-redis\4.1.80.Final\netty-codec-redis-4.1.80.Final.jar;C:\Users\alex1\.m2\repository\io\netty\netty-codec-smtp\4.1.80.Final\netty-codec-smtp-4.1.80.Final.jar;C:\Users\alex1\.m2\repository\io\netty\netty-codec-socks\4.1.80.Final\netty-codec-socks-4.1.80.Final.jar;C:\Users\alex1\.m2\repository\io\netty\netty-codec-stomp\4.1.80.Final\netty-codec-stomp-4.1.80.Final.jar;C:\Users\alex1\.m2\repository\io\netty\netty-codec-xml\4.1.80.Final\netty-codec-xml-4.1.80.Final.jar;C:\Users\alex1\.m2\repository\io\netty\netty-handler\4.1.80.Final\netty-handler-4.1.80.Final.jar;C:\Users\alex1\.m2\repository\io\netty\netty-handler-proxy\4.1.80.Final\netty-handler-proxy-4.1.80.Final.jar;C:\Users\alex1\.m2\repository\io\netty\netty-resolver\4.1.80.Final\netty-resolver-4.1.80.Final.jar;C:\Users\alex1\.m2\repository\io\netty\netty-resolver-dns\4.1.80.Final\netty-resolver-dns-4.1.80.Final.jar;C:\Users\alex1\.m2\repository\io\netty\netty-transport-rxtx\4.1.80.Final\netty-transport-rxtx-4.1.80.Final.jar;C:\Users\alex1\.m2\repository\io\netty\netty-transport-sctp\4.1.80.Final\netty-transport-sctp-4.1.80.Final.jar;C:\Users\alex1\.m2\repository\io\netty\netty-transport-udt\4.1.80.Final\netty-transport-udt-4.1.80.Final.jar;C:\Users\alex1\.m2\repository\io\netty\netty-resolver-dns-classes-macos\4.1.80.Final\netty-resolver-dns-classes-macos-4.1.80.Final.jar;C:\Users\alex1\.m2\repository\io\netty\netty-transport-native-epoll\4.1.80.Final\netty-transport-native-epoll-4.1.80.Final-linux-x86_64.jar;C:\Users\alex1\.m2\repository\io\netty\netty-transport-native-epoll\4.1.80.Final\netty-transport-native-epoll-4.1.80.Final-linux-aarch_64.jar;C:\Users\alex1\.m2\repository\io\netty\netty-transport-native-kqueue\4.1.80.Final\netty-transport-native-kqueue-4.1.80.Final-osx-x86_64.jar;C:\Users\alex1\.m2\repository\io\netty\netty-transport-native-kqueue\4.1.80.Final\netty-transport-native-kqueue-4.1.80.Final-osx-aarch_64.jar;C:\Users\alex1\.m2\repository\io\netty\netty-resolver-dns-native-macos\4.1.80.Final\netty-resolver-dns-native-macos-4.1.80.Final-osx-x86_64.jar;C:\Users\alex1\.m2\repository\io\netty\netty-resolver-dns-native-macos\4.1.80.Final\netty-resolver-dns-native-macos-4.1.80.Final-osx-aarch_64.jar;C:\Users\alex1\.m2\repository\io\netty\netty-tcnative-classes\2.0.54.Final\netty-tcnative-classes-2.0.54.Final.jar;C:\Users\alex1\.m2\repository\com\zebrunner\agent-testng-pluggable\1.9.2\agent-testng-pluggable-1.9.2.jar;C:\Users\alex1\.m2\repository\com\zebrunner\agent-core\1.9.2\agent-core-1.9.2.jar;C:\Users\alex1\.m2\repository\com\konghq\unirest-java\3.13.10\unirest-java-3.13.10.jar;C:\Users\alex1\.m2\repository\org\apache\httpcomponents\httpcore-nio\4.4.13\httpcore-nio-4.4.13.jar;C:\Users\alex1\.m2\repository\org\apache\httpcomponents\httpasyncclient\4.1.5\httpasyncclient-4.1.5.jar;C:\Users\alex1\.m2\repository\org\yaml\snakeyaml\1.30\snakeyaml-1.30.jar;C:\Users\alex1\.m2\repository\org\apache\logging\log4j\log4j-slf4j-impl\2.17.1\log4j-slf4j-impl-2.17.1.jar;C:\Users\alex1\.m2\repository\org\apache\commons\commons-lang3\3.5\commons-lang3-3.5.jar;C:\Users\alex1\.m2\repository\commons-collections\commons-collections\3.2.2\commons-collections-3.2.2.jar;C:\Users\alex1\.m2\repository\org\seleniumhq\selenium\selenium-support\4.4.0\selenium-support-4.4.0.jar;C:\Users\alex1\.m2\repository\com\google\auto\service\auto-service-annotations\1.0.1\auto-service-annotations-1.0.1.jar;C:\Users\alex1\.m2\repository\com\google\auto\service\auto-service\1.0.1\auto-service-1.0.1.jar;C:\Users\alex1\.m2\repository\com\google\auto\auto-common\1.2\auto-common-1.2.jar;C:\Users\alex1\.m2\repository\com\google\guava\guava\31.1-jre\guava-31.1-jre.jar;C:\Users\alex1\.m2\repository\com\google\guava\failureaccess\1.0.1\failureaccess-1.0.1.jar;C:\Users\alex1\.m2\repository\com\google\guava\listenablefuture\9999.0-empty-to-avoid-conflict-with-guava\listenablefuture-9999.0-empty-to-avoid-conflict-with-guava.jar;C:\Users\alex1\.m2\repository\com\google\code\findbugs\jsr305\3.0.2\jsr305-3.0.2.jar;C:\Users\alex1\.m2\repository\com\google\errorprone\error_prone_annotations\2.11.0\error_prone_annotations-2.11.0.jar;C:\Users\alex1\.m2\repository\com\google\j2objc\j2objc-annotations\1.3\j2objc-annotations-1.3.jar;C:\Users\alex1\.m2\repository\org\seleniumhq\selenium\selenium-json\4.4.0\selenium-json-4.4.0.jar;C:\Users\alex1\.m2\repository\com\nordstrom\tools\testng-foundation\2.0.1\testng-foundation-2.0.1.jar;C:\Users\alex1\.m2\repository\com\nordstrom\tools\java-utils\1.9.3\java-utils-1.9.3.jar;C:\Users\alex1\.m2\repository\com\nordstrom\tools\settings\2.3.3\settings-2.3.3.jar;C:\Users\alex1\.m2\repository\commons-beanutils\commons-beanutils\1.9.4\commons-beanutils-1.9.4.jar;C:\Users\alex1\.m2\repository\io\appium\java-client\8.2.0\java-client-8.2.0.jar;C:\Users\alex1\.m2\repository\commons-codec\commons-codec\1.15\commons-codec-1.15.jar;C:\Users\alex1\.m2\repository\cglib\cglib\3.3.0\cglib-3.3.0.jar;C:\Users\alex1\.m2\repository\org\ow2\asm\asm\7.1\asm-7.1.jar;C:\Users\alex1\.m2\repository\commons-validator\commons-validator\1.7\commons-validator-1.7.jar;C:\Users\alex1\.m2\repository\commons-digester\commons-digester\2.1\commons-digester-2.1.jar;C:\Users\alex1\.m2\repository\com\zebrunner\carina-aws-s3\1.0.0\carina-aws-s3-1.0.0.jar;C:\Users\alex1\.m2\repository\com\zebrunner\carina-commons\1.0.0\carina-commons-1.0.0.jar;C:\Users\alex1\.m2\repository\com\amazonaws\aws-java-sdk-s3\1.11.923\aws-java-sdk-s3-1.11.923.jar;C:\Users\alex1\.m2\repository\com\amazonaws\aws-java-sdk-core\1.11.923\aws-java-sdk-core-1.11.923.jar;C:\Users\alex1\.m2\repository\commons-logging\commons-logging\1.1.3\commons-logging-1.1.3.jar;C:\Users\alex1\.m2\repository\software\amazon\ion\ion-java\1.0.2\ion-java-1.0.2.jar;C:\Users\alex1\.m2\repository\com\fasterxml\jackson\dataformat\jackson-dataformat-cbor\2.6.7\jackson-dataformat-cbor-2.6.7.jar;C:\Users\alex1\.m2\repository\org\testng\testng\7.7.1\testng-7.7.1.jar;C:\Users\alex1\.m2\repository\com\beust\jcommander\1.82\jcommander-1.82.jar;C:\Users\alex1\.m2\repository\org\webjars\jquery\3.6.1\jquery-3.6.1.jar;C:\Users\alex1\.m2\repository\org\apache\logging\log4j\log4j-api\2.17.1\log4j-api-2.17.1.jar;C:\Users\alex1\.m2\repository\org\apache\logging\log4j\log4j-core\2.17.1\log4j-core-2.17.1.jar;C:\Users\alex1\.m2\repository\org\slf4j\slf4j-api\1.7.30\slf4j-api-1.7.30.jar;C:\Users\alex1\.m2\repository\org\apache\maven\plugins\maven-eclipse-plugin\2.1\maven-eclipse-plugin-2.1.jar;C:\Users\alex1\.m2\repository\org\apache\maven\maven-project\2.0.1\maven-project-2.0.1.jar;C:\Users\alex1\.m2\repository\org\apache\maven\maven-profile\2.0.1\maven-profile-2.0.1.jar;C:\Users\alex1\.m2\repository\org\apache\maven\maven-artifact-manager\2.0.1\maven-artifact-manager-2.0.1.jar;C:\Users\alex1\.m2\repository\org\apache\maven\maven-repository-metadata\2.0.1\maven-repository-metadata-2.0.1.jar;C:\Users\alex1\.m2\repository\org\apache\maven\wagon\wagon-provider-api\1.0-alpha-5\wagon-provider-api-1.0-alpha-5.jar;C:\Users\alex1\.m2\repository\org\codehaus\plexus\plexus-container-default\1.0-alpha-9\plexus-container-default-1.0-alpha-9.jar;C:\Users\alex1\.m2\repository\junit\junit\3.8.1\junit-3.8.1.jar;C:\Users\alex1\.m2\repository\org\apache\maven\maven-model\2.0.1\maven-model-2.0.1.jar;C:\Users\alex1\.m2\repository\org\codehaus\plexus\plexus-utils\1.0.5\plexus-utils-1.0.5.jar;C:\Users\alex1\.m2\repository\classworlds\classworlds\1.1-alpha-2\classworlds-1.1-alpha-2.jar;C:\Users\alex1\.m2\repository\org\apache\maven\maven-artifact\2.0.1\maven-artifact-2.0.1.jar;C:\Users\alex1\.m2\repository\org\apache\maven\maven-plugin-api\2.0.1\maven-plugin-api-2.0.1.jar;C:\Users\alex1\.m2\repository\net\bytebuddy\byte-buddy\1.12.10\byte-buddy-1.12.10.jar;C:\Users\alex1\.m2\repository\org\mybatis\mybatis\3.5.6\mybatis-3.5.6.jar;C:\Users\alex1\.m2\repository\org\postgresql\postgresql\42.3.3\postgresql-42.3.3.jar;C:\Users\alex1\.m2\repository\org\checkerframework\checker-qual\3.5.0\checker-qual-3.5.0.jar;C:\Users\alex1\.m2\repository\org\apache\maven\surefire\surefire-testng\3.0.0-M6\surefire-testng-3.0.0-M6.jar;C:\Users\alex1\.m2\repository\org\apache\maven\surefire\common-java5\3.0.0-M6\common-java5-3.0.0-M6.jar;C:\Users\alex1\.m2\repository\org\apache\maven\surefire\surefire-testng-utils\3.0.0-M6\surefire-testng-utils-3.0.0-M6.jar;C:\Users\alex1\.m2\repository\org\apache\maven\surefire\surefire-grouper\3.0.0-M6\surefire-grouper-3.0.0-M6.jar"/>
    <property name="java.vm.vendor" value="Oracle Corporation"/>
    <property name="sun.arch.data.model" value="64"/>
    <property name="user.variant" value=""/>
    <property name="java.vendor.url" value="https://java.oracle.com/"/>
    <property name="user.timezone" value="America/Los_Angeles"/>
    <property name="os.name" value="Windows 11"/>
    <property name="java.vm.specification.version" value="19"/>
    <property name="reporting.enabled" value="false"/>
    <property name="sun.java.launcher" value="SUN_STANDARD"/>
    <property name="user.country" value="US"/>
    <property name="sun.boot.library.path" value="C:\Users\alex1\jdk-19.0.1\bin"/>
    <property name="sun.java.command" value="org.apache.maven.surefire.booter.ForkedBooter C:\Users\alex1\AppData\Local\Temp\surefire12913402485896478131 2023-02-26T12-07-20_907-jvmRun1 surefire3817955576658280981tmp surefire_011323883227371042226tmp"/>
    <property name="jdk.debug" value="release"/>
    <property name="surefire.test.class.path" value="C:\Users\alex1\coding\carina_demo\carina.test\target\test-classes;C:\Users\alex1\coding\carina_demo\carina.test\target\classes;C:\Users\alex1\.m2\repository\com\qaprosoft\carina-core\8.0.4\carina-core-8.0.4.jar;C:\Users\alex1\.m2\repository\com\qaprosoft\carina-dataprovider\8.0.4\carina-dataprovider-8.0.4.jar;C:\Users\alex1\.m2\repository\net\sf\opencsv\opencsv\1.7\opencsv-1.7.jar;C:\Users\alex1\.m2\repository\org\apache\poi\poi-ooxml\4.1.2\poi-ooxml-4.1.2.jar;C:\Users\alex1\.m2\repository\org\apache\poi\poi\4.1.2\poi-4.1.2.jar;C:\Users\alex1\.m2\repository\org\apache\commons\commons-collections4\4.4\commons-collections4-4.4.jar;C:\Users\alex1\.m2\repository\org\apache\commons\commons-math3\3.6.1\commons-math3-3.6.1.jar;C:\Users\alex1\.m2\repository\com\zaxxer\SparseBitSet\1.2\SparseBitSet-1.2.jar;C:\Users\alex1\.m2\repository\org\apache\poi\poi-ooxml-schemas\4.1.2\poi-ooxml-schemas-4.1.2.jar;C:\Users\alex1\.m2\repository\org\apache\xmlbeans\xmlbeans\3.1.0\xmlbeans-3.1.0.jar;C:\Users\alex1\.m2\repository\org\apache\commons\commons-compress\1.19\commons-compress-1.19.jar;C:\Users\alex1\.m2\repository\com\github\virtuald\curvesapi\1.06\curvesapi-1.06.jar;C:\Users\alex1\.m2\repository\com\zebrunner\carina-utils\1.0.0\carina-utils-1.0.0.jar;C:\Users\alex1\.m2\repository\com\zebrunner\carina-crypto\1.0.0\carina-crypto-1.0.0.jar;C:\Users\alex1\.m2\repository\commons-cli\commons-cli\1.5.0\commons-cli-1.5.0.jar;C:\Users\alex1\.m2\repository\commons-io\commons-io\2.7\commons-io-2.7.jar;C:\Users\alex1\.m2\repository\org\seleniumhq\selenium\selenium-api\4.4.0\selenium-api-4.4.0.jar;C:\Users\alex1\.m2\repository\org\seleniumhq\selenium\selenium-remote-driver\4.4.0\selenium-remote-driver-4.4.0.jar;C:\Users\alex1\.m2\repository\io\netty\netty-buffer\4.1.78.Final\netty-buffer-4.1.78.Final.jar;C:\Users\alex1\.m2\repository\io\netty\netty-codec-http\4.1.78.Final\netty-codec-http-4.1.78.Final.jar;C:\Users\alex1\.m2\repository\io\netty\netty-common\4.1.78.Final\netty-common-4.1.78.Final.jar;C:\Users\alex1\.m2\repository\io\netty\netty-transport-classes-epoll\4.1.78.Final\netty-transport-classes-epoll-4.1.78.Final.jar;C:\Users\alex1\.m2\repository\io\netty\netty-transport-classes-kqueue\4.1.78.Final\netty-transport-classes-kqueue-4.1.78.Final.jar;C:\Users\alex1\.m2\repository\io\netty\netty-transport-native-epoll\4.1.78.Final\netty-transport-native-epoll-4.1.78.Final.jar;C:\Users\alex1\.m2\repository\io\netty\netty-transport-native-kqueue\4.1.78.Final\netty-transport-native-kqueue-4.1.78.Final.jar;C:\Users\alex1\.m2\repository\io\netty\netty-transport-native-unix-common\4.1.78.Final\netty-transport-native-unix-common-4.1.78.Final.jar;C:\Users\alex1\.m2\repository\io\netty\netty-transport\4.1.78.Final\netty-transport-4.1.78.Final.jar;C:\Users\alex1\.m2\repository\io\opentelemetry\opentelemetry-api\1.16.0\opentelemetry-api-1.16.0.jar;C:\Users\alex1\.m2\repository\io\opentelemetry\opentelemetry-context\1.16.0\opentelemetry-context-1.16.0.jar;C:\Users\alex1\.m2\repository\io\opentelemetry\opentelemetry-exporter-logging\1.16.0\opentelemetry-exporter-logging-1.16.0.jar;C:\Users\alex1\.m2\repository\io\opentelemetry\opentelemetry-sdk-metrics\1.16.0\opentelemetry-sdk-metrics-1.16.0.jar;C:\Users\alex1\.m2\repository\io\opentelemetry\opentelemetry-sdk-logs\1.16.0-alpha\opentelemetry-sdk-logs-1.16.0-alpha.jar;C:\Users\alex1\.m2\repository\io\opentelemetry\opentelemetry-sdk-common\1.16.0\opentelemetry-sdk-common-1.16.0.jar;C:\Users\alex1\.m2\repository\io\opentelemetry\opentelemetry-sdk-extension-autoconfigure-spi\1.16.0\opentelemetry-sdk-extension-autoconfigure-spi-1.16.0.jar;C:\Users\alex1\.m2\repository\io\opentelemetry\opentelemetry-sdk-extension-autoconfigure\1.16.0-alpha\opentelemetry-sdk-extension-autoconfigure-1.16.0-alpha.jar;C:\Users\alex1\.m2\repository\io\opentelemetry\opentelemetry-sdk-trace\1.16.0\opentelemetry-sdk-trace-1.16.0.jar;C:\Users\alex1\.m2\repository\io\opentelemetry\opentelemetry-sdk\1.16.0\opentelemetry-sdk-1.16.0.jar;C:\Users\alex1\.m2\repository\io\opentelemetry\opentelemetry-semconv\1.16.0-alpha\opentelemetry-semconv-1.16.0-alpha.jar;C:\Users\alex1\.m2\repository\io\ous\jtoml\2.0.0\jtoml-2.0.0.jar;C:\Users\alex1\.m2\repository\org\apache\commons\commons-exec\1.3\commons-exec-1.3.jar;C:\Users\alex1\.m2\repository\org\asynchttpclient\async-http-client\2.12.3\async-http-client-2.12.3.jar;C:\Users\alex1\.m2\repository\org\asynchttpclient\async-http-client-netty-utils\2.12.3\async-http-client-netty-utils-2.12.3.jar;C:\Users\alex1\.m2\repository\org\reactivestreams\reactive-streams\1.0.3\reactive-streams-1.0.3.jar;C:\Users\alex1\.m2\repository\com\typesafe\netty\netty-reactive-streams\2.0.4\netty-reactive-streams-2.0.4.jar;C:\Users\alex1\.m2\repository\com\sun\activation\jakarta.activation\1.2.2\jakarta.activation-1.2.2.jar;C:\Users\alex1\.m2\repository\org\seleniumhq\selenium\selenium-http\4.4.0\selenium-http-4.4.0.jar;C:\Users\alex1\.m2\repository\dev\failsafe\failsafe\3.2.4\failsafe-3.2.4.jar;C:\Users\alex1\.m2\repository\com\sun\jna\jna\3.0.9\jna-3.0.9.jar;C:\Users\alex1\.m2\repository\io\rest-assured\rest-assured\4.3.0\rest-assured-4.3.0.jar;C:\Users\alex1\.m2\repository\org\codehaus\groovy\groovy\3.0.2\groovy-3.0.2.jar;C:\Users\alex1\.m2\repository\org\codehaus\groovy\groovy-xml\3.0.2\groovy-xml-3.0.2.jar;C:\Users\alex1\.m2\repository\org\apache\httpcomponents\httpmime\4.5.3\httpmime-4.5.3.jar;C:\Users\alex1\.m2\repository\org\hamcrest\hamcrest\2.1\hamcrest-2.1.jar;C:\Users\alex1\.m2\repository\org\ccil\cowan\tagsoup\tagsoup\1.2.1\tagsoup-1.2.1.jar;C:\Users\alex1\.m2\repository\io\rest-assured\xml-path\4.3.0\xml-path-4.3.0.jar;C:\Users\alex1\.m2\repository\jakarta\xml\bind\jakarta.xml.bind-api\2.3.2\jakarta.xml.bind-api-2.3.2.jar;C:\Users\alex1\.m2\repository\jakarta\activation\jakarta.activation-api\1.2.1\jakarta.activation-api-1.2.1.jar;C:\Users\alex1\.m2\repository\com\sun\xml\bind\jaxb-osgi\2.3.0.1\jaxb-osgi-2.3.0.1.jar;C:\Users\alex1\.m2\repository\org\apache\sling\org.apache.sling.javax.activation\0.1.0\org.apache.sling.javax.activation-0.1.0.jar;C:\Users\alex1\.m2\repository\io\rest-assured\json-path\4.3.0\json-path-4.3.0.jar;C:\Users\alex1\.m2\repository\org\codehaus\groovy\groovy-json\3.0.2\groovy-json-3.0.2.jar;C:\Users\alex1\.m2\repository\io\rest-assured\rest-assured-common\4.3.0\rest-assured-common-4.3.0.jar;C:\Users\alex1\.m2\repository\org\apache\pdfbox\pdfbox\2.0.24\pdfbox-2.0.24.jar;C:\Users\alex1\.m2\repository\org\apache\pdfbox\fontbox\2.0.24\fontbox-2.0.24.jar;C:\Users\alex1\.m2\repository\com\fasterxml\jackson\core\jackson-core\2.13.3\jackson-core-2.13.3.jar;C:\Users\alex1\.m2\repository\com\fasterxml\jackson\core\jackson-databind\2.13.3\jackson-databind-2.13.3.jar;C:\Users\alex1\.m2\repository\com\fasterxml\jackson\core\jackson-annotations\2.13.3\jackson-annotations-2.13.3.jar;C:\Users\alex1\.m2\repository\org\mongodb\mongo-java-driver\2.11.3\mongo-java-driver-2.11.3.jar;C:\Users\alex1\.m2\repository\joda-time\joda-time\2.9.9\joda-time-2.9.9.jar;C:\Users\alex1\.m2\repository\commons-net\commons-net\3.3\commons-net-3.3.jar;C:\Users\alex1\.m2\repository\org\imgscalr\imgscalr-lib\4.2\imgscalr-lib-4.2.jar;C:\Users\alex1\.m2\repository\com\google\code\gson\gson\2.9.0\gson-2.9.0.jar;C:\Users\alex1\.m2\repository\javax\xml\bind\jaxb-api\2.2.2\jaxb-api-2.2.2.jar;C:\Users\alex1\.m2\repository\javax\xml\stream\stax-api\1.0-2\stax-api-1.0-2.jar;C:\Users\alex1\.m2\repository\javax\activation\activation\1.1\activation-1.1.jar;C:\Users\alex1\.m2\repository\com\qaprosoft\carina-api\8.0.4\carina-api-8.0.4.jar;C:\Users\alex1\.m2\repository\org\apache\httpcomponents\httpclient\4.5.13\httpclient-4.5.13.jar;C:\Users\alex1\.m2\repository\org\apache\httpcomponents\httpcore\4.4.13\httpcore-4.4.13.jar;C:\Users\alex1\.m2\repository\org\apache\commons\commons-configuration2\2.8.0\commons-configuration2-2.8.0.jar;C:\Users\alex1\.m2\repository\org\apache\commons\commons-text\1.10.0\commons-text-1.10.0.jar;C:\Users\alex1\.m2\repository\org\freemarker\freemarker\2.3.31\freemarker-2.3.31.jar;C:\Users\alex1\.m2\repository\org\skyscreamer\jsonassert\1.5.0\jsonassert-1.5.0.jar;C:\Users\alex1\.m2\repository\ognl\ognl\3.3.2\ognl-3.3.2.jar;C:\Users\alex1\.m2\repository\org\javassist\javassist\3.28.0-GA\javassist-3.28.0-GA.jar;C:\Users\alex1\.m2\repository\org\xmlunit\xmlunit-assertj3\2.8.2\xmlunit-assertj3-2.8.2.jar;C:\Users\alex1\.m2\repository\org\xmlunit\xmlunit-core\2.8.2\xmlunit-core-2.8.2.jar;C:\Users\alex1\.m2\repository\org\assertj\assertj-core\3.18.1\assertj-core-3.18.1.jar;C:\Users\alex1\.m2\repository\io\rest-assured\json-schema-validator\4.3.0\json-schema-validator-4.3.0.jar;C:\Users\alex1\.m2\repository\com\github\java-json-tools\json-schema-validator\2.2.10\json-schema-validator-2.2.10.jar;C:\Users\alex1\.m2\repository\com\github\java-json-tools\json-schema-core\1.2.10\json-schema-core-1.2.10.jar;C:\Users\alex1\.m2\repository\com\github\java-json-tools\jackson-coreutils\1.9\jackson-coreutils-1.9.jar;C:\Users\alex1\.m2\repository\com\github\fge\msg-simple\1.1\msg-simple-1.1.jar;C:\Users\alex1\.m2\repository\com\github\fge\btf\1.2\btf-1.2.jar;C:\Users\alex1\.m2\repository\com\github\fge\uri-template\0.9\uri-template-0.9.jar;C:\Users\alex1\.m2\repository\org\mozilla\rhino\1.7.7.1\rhino-1.7.7.1.jar;C:\Users\alex1\.m2\repository\javax\mail\mailapi\1.4.3\mailapi-1.4.3.jar;C:\Users\alex1\.m2\repository\com\googlecode\libphonenumber\libphonenumber\8.0.0\libphonenumber-8.0.0.jar;C:\Users\alex1\.m2\repository\net\sf\jopt-simple\jopt-simple\5.0.3\jopt-simple-5.0.3.jar;C:\Users\alex1\.m2\repository\org\everit\json\org.everit.json.schema\1.5.1\org.everit.json.schema-1.5.1.jar;C:\Users\alex1\.m2\repository\org\json\json\20160810\json-20160810.jar;C:\Users\alex1\.m2\repository\com\jayway\jsonpath\json-path\2.5.0\json-path-2.5.0.jar;C:\Users\alex1\.m2\repository\net\minidev\json-smart\2.3\json-smart-2.3.jar;C:\Users\alex1\.m2\repository\net\minidev\accessors-smart\1.2\accessors-smart-1.2.jar;C:\Users\alex1\.m2\repository\com\qaprosoft\carina-reporting\8.0.4\carina-reporting-8.0.4.jar;C:\Users\alex1\.m2\repository\com\qaprosoft\carina-webdriver\8.0.4\carina-webdriver-8.0.4.jar;C:\Users\alex1\.m2\repository\org\seleniumhq\selenium\selenium-firefox-driver\4.4.0\selenium-firefox-driver-4.4.0.jar;C:\Users\alex1\.m2\repository\org\seleniumhq\selenium\selenium-devtools-v85\4.4.0\selenium-devtools-v85-4.4.0.jar;C:\Users\alex1\.m2\repository\org\seleniumhq\selenium\selenium-chrome-driver\4.4.0\selenium-chrome-driver-4.4.0.jar;C:\Users\alex1\.m2\repository\org\seleniumhq\selenium\selenium-chromium-driver\4.4.0\selenium-chromium-driver-4.4.0.jar;C:\Users\alex1\.m2\repository\ru\yandex\qatools\ashot\ashot\1.5.4\ashot-1.5.4.jar;C:\Users\alex1\.m2\repository\com\itextpdf\itextpdf\5.5.13.2\itextpdf-5.5.13.2.jar;C:\Users\alex1\.m2\repository\org\reflections\reflections\0.9.10\reflections-0.9.10.jar;C:\Users\alex1\.m2\repository\com\google\code\findbugs\annotations\2.0.1\annotations-2.0.1.jar;C:\Users\alex1\.m2\repository\com\sun\jersey\jersey-core\1.19.4\jersey-core-1.19.4.jar;C:\Users\alex1\.m2\repository\javax\ws\rs\jsr311-api\1.1.1\jsr311-api-1.1.1.jar;C:\Users\alex1\.m2\repository\org\hamcrest\hamcrest-core\1.3\hamcrest-core-1.3.jar;C:\Users\alex1\.m2\repository\org\hamcrest\hamcrest-all\1.3\hamcrest-all-1.3.jar;C:\Users\alex1\.m2\repository\com\zebrunner\carina-proxy\1.0.0\carina-proxy-1.0.0.jar;C:\Users\alex1\.m2\repository\com\browserup\browserup-proxy-core\2.1.2\browserup-proxy-core-2.1.2.jar;C:\Users\alex1\.m2\repository\xyz\rogfam\littleproxy\2.0.0-beta-5\littleproxy-2.0.0-beta-5.jar;C:\Users\alex1\.m2\repository\com\barchart\udt\barchart-udt-bundle\2.3.0\barchart-udt-bundle-2.3.0.jar;C:\Users\alex1\.m2\repository\com\browserup\browserup-proxy-mitm\2.1.2\browserup-proxy-mitm-2.1.2.jar;C:\Users\alex1\.m2\repository\com\jcraft\jzlib\1.1.3\jzlib-1.1.3.jar;C:\Users\alex1\.m2\repository\dnsjava\dnsjava\3.1.0\dnsjava-3.1.0.jar;C:\Users\alex1\.m2\repository\org\bouncycastle\bcpkix-jdk15on\1.64\bcpkix-jdk15on-1.64.jar;C:\Users\alex1\.m2\repository\org\bouncycastle\bcprov-jdk15on\1.64\bcprov-jdk15on-1.64.jar;C:\Users\alex1\.m2\repository\org\brotli\dec\0.1.2\dec-0.1.2.jar;C:\Users\alex1\.m2\repository\org\slf4j\jcl-over-slf4j\1.7.30\jcl-over-slf4j-1.7.30.jar;C:\Users\alex1\.m2\repository\io\netty\netty-all\4.1.80.Final\netty-all-4.1.80.Final.jar;C:\Users\alex1\.m2\repository\io\netty\netty-codec\4.1.80.Final\netty-codec-4.1.80.Final.jar;C:\Users\alex1\.m2\repository\io\netty\netty-codec-dns\4.1.80.Final\netty-codec-dns-4.1.80.Final.jar;C:\Users\alex1\.m2\repository\io\netty\netty-codec-haproxy\4.1.80.Final\netty-codec-haproxy-4.1.80.Final.jar;C:\Users\alex1\.m2\repository\io\netty\netty-codec-http2\4.1.80.Final\netty-codec-http2-4.1.80.Final.jar;C:\Users\alex1\.m2\repository\io\netty\netty-codec-memcache\4.1.80.Final\netty-codec-memcache-4.1.80.Final.jar;C:\Users\alex1\.m2\repository\io\netty\netty-codec-mqtt\4.1.80.Final\netty-codec-mqtt-4.1.80.Final.jar;C:\Users\alex1\.m2\repository\io\netty\netty-codec-redis\4.1.80.Final\netty-codec-redis-4.1.80.Final.jar;C:\Users\alex1\.m2\repository\io\netty\netty-codec-smtp\4.1.80.Final\netty-codec-smtp-4.1.80.Final.jar;C:\Users\alex1\.m2\repository\io\netty\netty-codec-socks\4.1.80.Final\netty-codec-socks-4.1.80.Final.jar;C:\Users\alex1\.m2\repository\io\netty\netty-codec-stomp\4.1.80.Final\netty-codec-stomp-4.1.80.Final.jar;C:\Users\alex1\.m2\repository\io\netty\netty-codec-xml\4.1.80.Final\netty-codec-xml-4.1.80.Final.jar;C:\Users\alex1\.m2\repository\io\netty\netty-handler\4.1.80.Final\netty-handler-4.1.80.Final.jar;C:\Users\alex1\.m2\repository\io\netty\netty-handler-proxy\4.1.80.Final\netty-handler-proxy-4.1.80.Final.jar;C:\Users\alex1\.m2\repository\io\netty\netty-resolver\4.1.80.Final\netty-resolver-4.1.80.Final.jar;C:\Users\alex1\.m2\repository\io\netty\netty-resolver-dns\4.1.80.Final\netty-resolver-dns-4.1.80.Final.jar;C:\Users\alex1\.m2\repository\io\netty\netty-transport-rxtx\4.1.80.Final\netty-transport-rxtx-4.1.80.Final.jar;C:\Users\alex1\.m2\repository\io\netty\netty-transport-sctp\4.1.80.Final\netty-transport-sctp-4.1.80.Final.jar;C:\Users\alex1\.m2\repository\io\netty\netty-transport-udt\4.1.80.Final\netty-transport-udt-4.1.80.Final.jar;C:\Users\alex1\.m2\repository\io\netty\netty-resolver-dns-classes-macos\4.1.80.Final\netty-resolver-dns-classes-macos-4.1.80.Final.jar;C:\Users\alex1\.m2\repository\io\netty\netty-transport-native-epoll\4.1.80.Final\netty-transport-native-epoll-4.1.80.Final-linux-x86_64.jar;C:\Users\alex1\.m2\repository\io\netty\netty-transport-native-epoll\4.1.80.Final\netty-transport-native-epoll-4.1.80.Final-linux-aarch_64.jar;C:\Users\alex1\.m2\repository\io\netty\netty-transport-native-kqueue\4.1.80.Final\netty-transport-native-kqueue-4.1.80.Final-osx-x86_64.jar;C:\Users\alex1\.m2\repository\io\netty\netty-transport-native-kqueue\4.1.80.Final\netty-transport-native-kqueue-4.1.80.Final-osx-aarch_64.jar;C:\Users\alex1\.m2\repository\io\netty\netty-resolver-dns-native-macos\4.1.80.Final\netty-resolver-dns-native-macos-4.1.80.Final-osx-x86_64.jar;C:\Users\alex1\.m2\repository\io\netty\netty-resolver-dns-native-macos\4.1.80.Final\netty-resolver-dns-native-macos-4.1.80.Final-osx-aarch_64.jar;C:\Users\alex1\.m2\repository\io\netty\netty-tcnative-classes\2.0.54.Final\netty-tcnative-classes-2.0.54.Final.jar;C:\Users\alex1\.m2\repository\com\zebrunner\agent-testng-pluggable\1.9.2\agent-testng-pluggable-1.9.2.jar;C:\Users\alex1\.m2\repository\com\zebrunner\agent-core\1.9.2\agent-core-1.9.2.jar;C:\Users\alex1\.m2\repository\com\konghq\unirest-java\3.13.10\unirest-java-3.13.10.jar;C:\Users\alex1\.m2\repository\org\apache\httpcomponents\httpcore-nio\4.4.13\httpcore-nio-4.4.13.jar;C:\Users\alex1\.m2\repository\org\apache\httpcomponents\httpasyncclient\4.1.5\httpasyncclient-4.1.5.jar;C:\Users\alex1\.m2\repository\org\yaml\snakeyaml\1.30\snakeyaml-1.30.jar;C:\Users\alex1\.m2\repository\org\apache\logging\log4j\log4j-slf4j-impl\2.17.1\log4j-slf4j-impl-2.17.1.jar;C:\Users\alex1\.m2\repository\org\apache\commons\commons-lang3\3.5\commons-lang3-3.5.jar;C:\Users\alex1\.m2\repository\commons-collections\commons-collections\3.2.2\commons-collections-3.2.2.jar;C:\Users\alex1\.m2\repository\org\seleniumhq\selenium\selenium-support\4.4.0\selenium-support-4.4.0.jar;C:\Users\alex1\.m2\repository\com\google\auto\service\auto-service-annotations\1.0.1\auto-service-annotations-1.0.1.jar;C:\Users\alex1\.m2\repository\com\google\auto\service\auto-service\1.0.1\auto-service-1.0.1.jar;C:\Users\alex1\.m2\repository\com\google\auto\auto-common\1.2\auto-common-1.2.jar;C:\Users\alex1\.m2\repository\com\google\guava\guava\31.1-jre\guava-31.1-jre.jar;C:\Users\alex1\.m2\repository\com\google\guava\failureaccess\1.0.1\failureaccess-1.0.1.jar;C:\Users\alex1\.m2\repository\com\google\guava\listenablefuture\9999.0-empty-to-avoid-conflict-with-guava\listenablefuture-9999.0-empty-to-avoid-conflict-with-guava.jar;C:\Users\alex1\.m2\repository\com\google\code\findbugs\jsr305\3.0.2\jsr305-3.0.2.jar;C:\Users\alex1\.m2\repository\com\google\errorprone\error_prone_annotations\2.11.0\error_prone_annotations-2.11.0.jar;C:\Users\alex1\.m2\repository\com\google\j2objc\j2objc-annotations\1.3\j2objc-annotations-1.3.jar;C:\Users\alex1\.m2\repository\org\seleniumhq\selenium\selenium-json\4.4.0\selenium-json-4.4.0.jar;C:\Users\alex1\.m2\repository\com\nordstrom\tools\testng-foundation\2.0.1\testng-foundation-2.0.1.jar;C:\Users\alex1\.m2\repository\com\nordstrom\tools\java-utils\1.9.3\java-utils-1.9.3.jar;C:\Users\alex1\.m2\repository\com\nordstrom\tools\settings\2.3.3\settings-2.3.3.jar;C:\Users\alex1\.m2\repository\commons-beanutils\commons-beanutils\1.9.4\commons-beanutils-1.9.4.jar;C:\Users\alex1\.m2\repository\io\appium\java-client\8.2.0\java-client-8.2.0.jar;C:\Users\alex1\.m2\repository\commons-codec\commons-codec\1.15\commons-codec-1.15.jar;C:\Users\alex1\.m2\repository\cglib\cglib\3.3.0\cglib-3.3.0.jar;C:\Users\alex1\.m2\repository\org\ow2\asm\asm\7.1\asm-7.1.jar;C:\Users\alex1\.m2\repository\commons-validator\commons-validator\1.7\commons-validator-1.7.jar;C:\Users\alex1\.m2\repository\commons-digester\commons-digester\2.1\commons-digester-2.1.jar;C:\Users\alex1\.m2\repository\com\zebrunner\carina-aws-s3\1.0.0\carina-aws-s3-1.0.0.jar;C:\Users\alex1\.m2\repository\com\zebrunner\carina-commons\1.0.0\carina-commons-1.0.0.jar;C:\Users\alex1\.m2\repository\com\amazonaws\aws-java-sdk-s3\1.11.923\aws-java-sdk-s3-1.11.923.jar;C:\Users\alex1\.m2\repository\com\amazonaws\aws-java-sdk-core\1.11.923\aws-java-sdk-core-1.11.923.jar;C:\Users\alex1\.m2\repository\commons-logging\commons-logging\1.1.3\commons-logging-1.1.3.jar;C:\Users\alex1\.m2\repository\software\amazon\ion\ion-java\1.0.2\ion-java-1.0.2.jar;C:\Users\alex1\.m2\repository\com\fasterxml\jackson\dataformat\jackson-dataformat-cbor\2.6.7\jackson-dataformat-cbor-2.6.7.jar;C:\Users\alex1\.m2\repository\org\testng\testng\7.7.1\testng-7.7.1.jar;C:\Users\alex1\.m2\repository\com\beust\jcommander\1.82\jcommander-1.82.jar;C:\Users\alex1\.m2\repository\org\webjars\jquery\3.6.1\jquery-3.6.1.jar;C:\Users\alex1\.m2\repository\org\apache\logging\log4j\log4j-api\2.17.1\log4j-api-2.17.1.jar;C:\Users\alex1\.m2\repository\org\apache\logging\log4j\log4j-core\2.17.1\log4j-core-2.17.1.jar;C:\Users\alex1\.m2\repository\org\slf4j\slf4j-api\1.7.30\slf4j-api-1.7.30.jar;C:\Users\alex1\.m2\repository\org\apache\maven\plugins\maven-eclipse-plugin\2.1\maven-eclipse-plugin-2.1.jar;C:\Users\alex1\.m2\repository\org\apache\maven\maven-project\2.0.1\maven-project-2.0.1.jar;C:\Users\alex1\.m2\repository\org\apache\maven\maven-profile\2.0.1\maven-profile-2.0.1.jar;C:\Users\alex1\.m2\repository\org\apache\maven\maven-artifact-manager\2.0.1\maven-artifact-manager-2.0.1.jar;C:\Users\alex1\.m2\repository\org\apache\maven\maven-repository-metadata\2.0.1\maven-repository-metadata-2.0.1.jar;C:\Users\alex1\.m2\repository\org\apache\maven\wagon\wagon-provider-api\1.0-alpha-5\wagon-provider-api-1.0-alpha-5.jar;C:\Users\alex1\.m2\repository\org\codehaus\plexus\plexus-container-default\1.0-alpha-9\plexus-container-default-1.0-alpha-9.jar;C:\Users\alex1\.m2\repository\junit\junit\3.8.1\junit-3.8.1.jar;C:\Users\alex1\.m2\repository\org\apache\maven\maven-model\2.0.1\maven-model-2.0.1.jar;C:\Users\alex1\.m2\repository\org\codehaus\plexus\plexus-utils\1.0.5\plexus-utils-1.0.5.jar;C:\Users\alex1\.m2\repository\classworlds\classworlds\1.1-alpha-2\classworlds-1.1-alpha-2.jar;C:\Users\alex1\.m2\repository\org\apache\maven\maven-artifact\2.0.1\maven-artifact-2.0.1.jar;C:\Users\alex1\.m2\repository\org\apache\maven\maven-plugin-api\2.0.1\maven-plugin-api-2.0.1.jar;C:\Users\alex1\.m2\repository\net\bytebuddy\byte-buddy\1.12.10\byte-buddy-1.12.10.jar;C:\Users\alex1\.m2\repository\org\mybatis\mybatis\3.5.6\mybatis-3.5.6.jar;C:\Users\alex1\.m2\repository\org\postgresql\postgresql\42.3.3\postgresql-42.3.3.jar;C:\Users\alex1\.m2\repository\org\checkerframework\checker-qual\3.5.0\checker-qual-3.5.0.jar;"/>
    <property name="sun.cpu.endian" value="little"/>
    <property name="user.home" value="C:\Users\alex1"/>
    <property name="user.language" value="en"/>
    <property name="java.specification.vendor" value="Oracle Corporation"/>
    <property name="java.version.date" value="2022-10-18"/>
    <property name="java.home" value="C:\Users\alex1\jdk-19.0.1"/>
    <property name="file.separator" value="\"/>
    <property name="basedir" value="C:\Users\alex1\coding\carina_demo\carina.test"/>
    <property name="java.vm.compressedOopsMode" value="Zero based"/>
    <property name="line.separator" value="&#10;"/>
    <property name="java.vm.specification.vendor" value="Oracle Corporation"/>
    <property name="java.specification.name" value="Java Platform API Specification"/>
    <property name="reporting.server.hostname" value=""/>
    <property name="user.script" value=""/>
    <property name="sun.management.compiler" value="HotSpot 64-Bit Tiered Compilers"/>
    <property name="java.runtime.version" value="19.0.1+10-21"/>
    <property name="user.name" value="alex1"/>
    <property name="reporting.projectKey" value="DEF"/>
    <property name="stdout.encoding" value="Cp1252"/>
    <property name="path.separator" value=";"/>
    <property name="os.version" value="10.0"/>
    <property name="java.runtime.name" value="Java(TM) SE Runtime Environment"/>
    <property name="file.encoding" value="UTF-8"/>
    <property name="java.vm.name" value="Java HotSpot(TM) 64-Bit Server VM"/>
    <property name="reporting.server.accessToken" value=""/>
    <property name="localRepository" value="C:\Users\alex1\.m2\repository"/>
    <property name="java.vendor.url.bug" value="https://bugreport.java.com/bugreport/"/>
    <property name="java.io.tmpdir" value="C:\Users\alex1\AppData\Local\Temp\"/>
    <property name="java.version" value="19.0.1"/>
    <property name="user.dir" value="C:\Users\alex1\coding\carina_demo\carina.test"/>
    <property name="os.arch" value="amd64"/>
    <property name="java.vm.specification.name" value="Java Virtual Machine Specification"/>
    <property name="sun.os.patch.level" value=""/>
    <property name="native.encoding" value="Cp1252"/>
    <property name="java.library.path" value="C:\Users\alex1\jdk-19.0.1\bin;C:\WINDOWS\Sun\Java\bin;C:\WINDOWS\system32;C:\WINDOWS;C:\Python310\Scripts\;C:\Python310\;C:\Windows\system32;C:\Windows;C:\Windows\System32\Wbem;C:\Windows\System32\WindowsPowerShell\v1.0\;C:\Windows\System32\OpenSSH\;C:\Program Files (x86)\NVIDIA Corporation\PhysX\Common;C:\Program Files\NVIDIA Corporation\NVIDIA NvDLISR;C:\Program Files\nodejs\;C:\ProgramData\chocolatey\bin;C:\Program Files\Git\cmd/;C:\Program Files\MySQL\MySQL Server 8.0\bin;C:\Program Files\MongoDB\Server\6.0\bin;C:\Python27\;C:\WINDOWS\system32;C:\WINDOWS;C:\WINDOWS\System32\Wbem;C:\WINDOWS\System32\WindowsPowerShell\v1.0\;C:\WINDOWS\System32\OpenSSH\;C:\Program Files (x86)\Common Files\Oracle\Java\javapath\bin;;C:\Users\alex1\apache-maven-3.8.6\bin;C:\Program Files\MySQL\MySQL Shell 8.0\bin\;C:\Users\alex1\AppData\Local\Programs\Eclipse Adoptium\jdk-17.0.4.101-hotspot\bin;C:\Users\alex1\AppData\Local\Microsoft\WindowsApps;C:\Users\alex1\AppData\Local\Programs\Microsoft VS Code\bin;C:\Users\alex1\AppData\Roaming\npm;%JAVA_HOME&amp;\bin;;C:\Program Files\JetBrains\IntelliJ IDEA 2022.3\bin;;C:\Program Files\JetBrains\IntelliJ IDEA Community Edition 2022.2.3\bin;;."/>
    <property name="suite" value="api"/>
    <property name="java.vm.info" value="mixed mode, sharing"/>
    <property name="stderr.encoding" value="Cp1252"/>
    <property name="java.vendor" value="Oracle Corporation"/>
    <property name="java.vm.version" value="19.0.1+10-21"/>
    <property name="sun.io.unicode.encoding" value="UnicodeLittle"/>
    <property name="java.class.version" value="63.0"/>
    <property name="reporting.run.environment" value=""/>
  </properties>
  <testcase name="testDeleteUsers" classname="com.test.carina.demo.APISampleTest" time="1.49">
    <system-out><![CDATA[WARN! Value not resolved by key: azure_container_name
WARN! Value not resolved by key: appcenter_token
2023-02-26 12:07:22 CarinaListener [main] [INFO] 
============= Test configuration =============
url=https://www.gsmarena.com
env=DEMO
auto_screenshot=true
project_report_directory=./reports
max_screen_history=10
localization_encoding=UTF-8
language=en_US
selenium_url=

------------- Driver capabilities -----------
capabilities.providerOptions=options
================================================

java.nio.file.NoSuchFileException: C:\Users\alex1\coding\carina_demo\carina.test\.\reports\emailable-report.html
C:\Users\alex1\coding\carina_demo\carina.test\.\reports\emailable-report.html
2023-02-26 12:07:22 TestRunRegistrar [main-1] [WARN] Reporting disabled: using no op test run registrar
2023-02-26 12:07:23 Reflections [main-1] [INFO] Reflections took 942 ms to scan 23 urls, producing 3473 keys and 17815 values 
2023-02-26 12:07:23 CarinaListener [main-1] [INFO] Use thread-count='5' from suite file.
2023-02-26 12:07:23 CarinaListener [main-1] [INFO] Set data-provider-thread-count=1
2023-02-26 12:07:23 CarinaListener [main-1] [INFO] CARINA_CORE_VERSION: 8.0.4
2023-02-26 12:07:23 TestRunRegistrar [TestNG-test=User API tests-3] [WARN] Reporting disabled: using no op test run registrar
2023-02-26 12:07:23 Messager [TestNG-test=User API tests-3-57] [INFO] TEST [User API tests - testDeleteUsers] STARTED at [12:07:23 2023-02-26]
2023-02-26 12:07:23 TestRunRegistrar [TestNG-test=User API tests-4] [WARN] Reporting disabled: using no op test run registrar
2023-02-26 12:07:23 Messager [TestNG-test=User API tests-4-58] [INFO] TEST [User API tests - testGetUsers] STARTED at [12:07:23 2023-02-26]
2023-02-26 12:07:23 TestRunRegistrar [TestNG-test=User API tests-2] [WARN] Reporting disabled: using no op test run registrar
2023-02-26 12:07:23 Messager [TestNG-test=User API tests-2-56] [INFO] TEST [User API tests - testCreateUserMissingSomeFields] STARTED at [12:07:23 2023-02-26]
2023-02-26 12:07:23 TestRunRegistrar [TestNG-test=User API tests-1] [WARN] Reporting disabled: using no op test run registrar
2023-02-26 12:07:23 Messager [TestNG-test=User API tests-1-55] [INFO] TEST [User API tests - testCreateUser] STARTED at [12:07:23 2023-02-26]
2023-02-26 12:07:23 APISampleTest [TestNG-test=User API tests-1-55] [INFO] test
2023-02-26 12:07:23 AbstractApiMethodV2 [TestNG-test=User API tests-2-56] [INFO] Base properties loaded: api/users/user.properties
2023-02-26 12:07:23 AbstractApiMethodV2 [TestNG-test=User API tests-1-55] [INFO] Base properties loaded: api/users/user.properties
2023-02-26 12:07:24 AbstractApiMethodV2 [TestNG-test=User API tests-3-57] [INFO] Base properties loaded: api/users/user.properties
2023-02-26 12:07:24 AbstractApiMethodV2 [TestNG-test=User API tests-1-55] [INFO] Base properties loaded: api/users/user.properties
2023-02-26 12:07:24 AbstractApiMethod [TestNG-test=User API tests-4-58] [INFO] Request method:	GET
Request URI:	https://jsonplaceholder.typicode.com/users
Request params:	<none>
Query params:	<none>
Form params:	<none>
Path params:	<none>
Multiparts:		<none>
Cookies:		<none>
Headers:		Accept=*/*
				Content-Type=application/json; charset=UTF-8
Body:			<none>
HTTP/1.1 200 OK
Date: Sun, 26 Feb 2023 20:07:24 GMT
Content-Type: application/json; charset=utf-8
Transfer-Encoding: chunked
Connection: keep-alive
X-Powered-By: Express
X-Ratelimit-Limit: 1000
X-Ratelimit-Remaining: 999
X-Ratelimit-Reset: 1666749919
Vary: Origin, Accept-Encoding
Access-Control-Allow-Credentials: true
Cache-Control: max-age=43200
Pragma: no-cache
Expires: -1
X-Content-Type-Options: nosniff
Etag: W/"160d-1eMSsxeJRfnVLRBmYJSbCiJZ1qQ"
Content-Encoding: gzip
Via: 1.1 vegur
CF-Cache-Status: HIT
Age: 7285
Server-Timing: cf-q-config;dur=7.0000023697503e-06
Report-To: {"endpoints":[{"url":"https:\/\/a.nel.cloudflare.com\/report\/v3?s=URJXBVe5SlqNDojM11GxcTJPVUaE2GzfostlQPycEMqhrNKnLubYiCi5NmDBMfu5cYZ0u%2BdFzOVlLHzcX6IDixZBnh3Mnxw%2BcPKkG2lLKqfs4p1LmnBVyaJQf%2F8t0ZfhwUuxSo2ZUcRulu9yccQ1"}],"group":"cf-nel","max_age":604800}
NEL: {"success_fraction":0,"report_to":"cf-nel","max_age":604800}
Server: cloudflare
CF-RAY: 79fb4e8bad849695-SJC
alt-svc: h3=":443"; ma=86400, h3-29=":443"; ma=86400

[
    {
        "id": 1,
        "name": "Leanne Graham",
        "username": "Bret",
        "email": "Sincere@april.biz",
        "address": {
            "street": "Kulas Light",
            "suite": "Apt. 556",
            "city": "Gwenborough",
            "zipcode": "92998-3874",
            "geo": {
                "lat": "-37.3159",
                "lng": "81.1496"
            }
        },
        "phone": "1-770-736-8031 x56442",
        "website": "hildegard.org",
        "company": {
            "name": "Romaguera-Crona",
            "catchPhrase": "Multi-layered client-server neural-net",
            "bs": "harness real-time e-markets"
        }
    },
    {
        "id": 2,
        "name": "Ervin Howell",
        "username": "Antonette",
        "email": "Shanna@melissa.tv",
        "address": {
            "street": "Victor Plains",
            "suite": "Suite 879",
            "city": "Wisokyburgh",
            "zipcode": "90566-7771",
            "geo": {
                "lat": "-43.9509",
                "lng": "-34.4618"
            }
        },
        "phone": "010-692-6593 x09125",
        "website": "anastasia.net",
        "company": {
            "name": "Deckow-Crist",
            "catchPhrase": "Proactive didactic contingency",
            "bs": "synergize scalable supply-chains"
        }
    },
    {
        "id": 3,
        "name": "Clementine Bauch",
        "username": "Samantha",
        "email": "Nathan@yesenia.net",
        "address": {
            "street": "Douglas Extension",
            "suite": "Suite 847",
            "city": "McKenziehaven",
            "zipcode": "59590-4157",
            "geo": {
                "lat": "-68.6102",
                "lng": "-47.0653"
            }
        },
        "phone": "1-463-123-4447",
        "website": "ramiro.info",
        "company": {
            "name": "Romaguera-Jacobson",
            "catchPhrase": "Face to face bifurcated interface",
            "bs": "e-enable strategic applications"
        }
    },
    {
        "id": 4,
        "name": "Patricia Lebsack",
        "username": "Karianne",
        "email": "Julianne.OConner@kory.org",
        "address": {
            "street": "Hoeger Mall",
            "suite": "Apt. 692",
            "city": "South Elvis",
            "zipcode": "53919-4257",
            "geo": {
                "lat": "29.4572",
                "lng": "-164.2990"
            }
        },
        "phone": "493-170-9623 x156",
        "website": "kale.biz",
        "company": {
            "name": "Robel-Corkery",
            "catchPhrase": "Multi-tiered zero tolerance productivity",
            "bs": "transition cutting-edge web services"
        }
    },
    {
        "id": 5,
        "name": "Chelsey Dietrich",
        "username": "Kamren",
        "email": "Lucio_Hettinger@annie.ca",
        "address": {
            "street": "Skiles Walks",
            "suite": "Suite 351",
            "city": "Roscoeview",
            "zipcode": "33263",
            "geo": {
                "lat": "-31.8129",
                "lng": "62.5342"
            }
        },
        "phone": "(254)954-1289",
        "website": "demarco.info",
        "company": {
            "name": "Keebler LLC",
            "catchPhrase": "User-centric fault-tolerant solution",
            "bs": "revolutionize end-to-end systems"
        }
    },
    {
        "id": 6,
        "name": "Mrs. Dennis Schulist",
        "username": "Leopoldo_Corkery",
        "email": "Karley_Dach@jasper.info",
        "address": {
            "street": "Norberto Crossing",
            "suite": "Apt. 950",
            "city": "South Christy",
            "zipcode": "23505-1337",
            "geo": {
                "lat": "-71.4197",
                "lng": "71.7478"
            }
        },
        "phone": "1-477-935-8478 x6430",
        "website": "ola.org",
        "company": {
            "name": "Considine-Lockman",
            "catchPhrase": "Synchronised bottom-line interface",
            "bs": "e-enable innovative applications"
        }
    },
    {
        "id": 7,
        "name": "Kurtis Weissnat",
        "username": "Elwyn.Skiles",
        "email": "Telly.Hoeger@billy.biz",
        "address": {
            "street": "Rex Trail",
            "suite": "Suite 280",
            "city": "Howemouth",
            "zipcode": "58804-1099",
            "geo": {
                "lat": "24.8918",
                "lng": "21.8984"
            }
        },
        "phone": "210.067.6132",
        "website": "elvis.io",
        "company": {
            "name": "Johns Group",
            "catchPhrase": "Configurable multimedia task-force",
            "bs": "generate enterprise e-tailers"
        }
    },
    {
        "id": 8,
        "name": "Nicholas Runolfsdottir V",
        "username": "Maxime_Nienow",
        "email": "Sherwood@rosamond.me",
        "address": {
            "street": "Ellsworth Summit",
            "suite": "Suite 729",
            "city": "Aliyaview",
            "zipcode": "45169",
            "geo": {
                "lat": "-14.3990",
                "lng": "-120.7677"
            }
        },
        "phone": "586.493.6943 x140",
        "website": "jacynthe.com",
        "company": {
            "name": "Abernathy Group",
            "catchPhrase": "Implemented secondary concept",
            "bs": "e-enable extensible e-tailers"
        }
    },
    {
        "id": 9,
        "name": "Glenna Reichert",
        "username": "Delphine",
        "email": "Chaim_McDermott@dana.io",
        "address": {
            "street": "Dayna Park",
            "suite": "Suite 449",
            "city": "Bartholomebury",
            "zipcode": "76495-3109",
            "geo": {
                "lat": "24.6463",
                "lng": "-168.8889"
            }
        },
        "phone": "(775)976-6794 x41206",
        "website": "conrad.com",
        "company": {
            "name": "Yost and Sons",
            "catchPhrase": "Switchable contextually-based project",
            "bs": "aggregate real-time technologies"
        }
    },
    {
        "id": 10,
        "name": "Clementina DuBuque",
        "username": "Moriah.Stanton",
        "email": "Rey.Padberg@karina.biz",
        "address": {
            "street": "Kattie Turnpike",
            "suite": "Suite 198",
            "city": "Lebsackbury",
            "zipcode": "31428-2261",
            "geo": {
                "lat": "-38.2386",
                "lng": "57.2232"
            }
        },
        "phone": "024-648-3804",
        "website": "ambrose.net",
        "company": {
            "name": "Hoeger LLC",
            "catchPhrase": "Centralized empowering task-force",
            "bs": "target end-to-end models"
        }
    }
]

2023-02-26 12:07:24 JsonValidator [TestNG-test=User API tests-4-58] [INFO] JSON schema of version below or equal to draft-04 was detected
2023-02-26 12:07:24 AbstractApiMethod [TestNG-test=User API tests-3-57] [INFO] Request method:	DELETE
Request URI:	https://jsonplaceholder.typicode.com/users/1
Request params:	<none>
Query params:	<none>
Form params:	<none>
Path params:	<none>
Multiparts:		<none>
Cookies:		<none>
Headers:		Accept=*/*
				Content-Type=application/json; charset=UTF-8
Body:
[
    {
        "id": 1,
        "name": "Leanne Graham",
        "username": "kqovqsqx",
        "email": "Sincere@april.biz",
        "address": {
            "street": "Kulas Light",
            "suite": "Apt. 556",
            "city": "Gwenborough",
            "zipcode": "92998-3874",
            "geo": {
                "lat": "-37.3159",
                "lng": "81.1496"
            }
        },
        "phone": "1-770-736-8031 x56442",
        "website": "hildegard.org",
        "company": {
            "name": "qyrjgiil",
            "catchPhrase": "Multi-layered client-server neural-net",
            "bs": "harness real-time e-markets"
        }
    },
    {
        "id": 2,
        "name": "Leanne Graham",
        "username": "kqovqsqx",
        "email": "Sincere@april.biz",
        "address": {
            "street": "Kulas Light",
            "suite": "Apt. 556",
            "city": "Gwenborough",
            "zipcode": "92998-3874",
            "geo": {
                "lat": "-37.3159",
                "lng": "81.1496"
            }
        },
        "phone": "1-770-736-8031 x56442",
        "website": "hildegard.org",
        "company": {
            "name": "qyrjgiil",
            "catchPhrase": "Multi-layered client-server neural-net",
            "bs": "harness real-time e-markets"
        }
    }
]
HTTP/1.1 200 OK
Date: Sun, 26 Feb 2023 20:07:24 GMT
Content-Type: application/json; charset=utf-8
Content-Length: 2
Connection: keep-alive
X-Powered-By: Express
X-Ratelimit-Limit: 1000
X-Ratelimit-Remaining: 999
X-Ratelimit-Reset: 1677442092
Vary: Origin, Accept-Encoding
Access-Control-Allow-Credentials: true
Cache-Control: no-cache
Pragma: no-cache
Expires: -1
X-Content-Type-Options: nosniff
Etag: W/"2-vyGp6PvFo4RvsFtPoIWeCReyIC8"
Via: 1.1 vegur
CF-Cache-Status: DYNAMIC
Server-Timing: cf-q-config;dur=2.0000006770715e-06
Report-To: {"endpoints":[{"url":"https:\/\/a.nel.cloudflare.com\/report\/v3?s=XQXCsQKoRRmSM4MV9rHmv%2FlzHqqi6PEYrDfVprLcOQ6YZSm%2F%2FBR14k4r4BxHlvzYVvbYhfzjqf9UHurYmAzzxgjGaBHvmuihazJolhG50Id31L1rDETz2dDvLrUepQzg01r7Mt5RNphL5oOdUmIw"}],"group":"cf-nel","max_age":604800}
NEL: {"success_fraction":0,"report_to":"cf-nel","max_age":604800}
Server: cloudflare
CF-RAY: 79fb4e8bad95987f-SJC
alt-svc: h3=":443"; ma=86400, h3-29=":443"; ma=86400

{
    
}

2023-02-26 12:07:24 Messager [TestNG-test=User API tests-3-57] [INFO] TEST [User API tests - testDeleteUsers] PASSED at [12:07:24 2023-02-26]
2023-02-26 12:07:24 AbstractApiMethod [TestNG-test=User API tests-2-56] [INFO] Request method:	POST
Request URI:	https://jsonplaceholder.typicode.com/users
Request params:	<none>
Query params:	<none>
Form params:	<none>
Path params:	<none>
Multiparts:		<none>
Cookies:		<none>
Headers:		Accept=*/*
				Content-Type=application/json; charset=UTF-8
Body:
[
    {
        "id": 1,
        "email": "Sincere@april.biz",
        "address": {
            "street": "Kulas Light",
            "suite": "Apt. 556",
            "city": "Gwenborough",
            "zipcode": "92998-3874",
            "geo": {
                "lat": "-37.3159",
                "lng": "81.1496"
            }
        },
        "phone": "1-770-736-8031 x56442",
        "website": "hildegard.org",
        "company": {
            "name": "qsqvvvpp",
            "catchPhrase": "Multi-layered client-server neural-net",
            "bs": "harness real-time e-markets"
        }
    }
]
HTTP/1.1 201 Created
Date: Sun, 26 Feb 2023 20:07:24 GMT
Content-Type: application/json; charset=utf-8
Content-Length: 516
Connection: keep-alive
X-Powered-By: Express
X-Ratelimit-Limit: 1000
X-Ratelimit-Remaining: 998
X-Ratelimit-Reset: 1677442092
Vary: Origin, X-HTTP-Method-Override, Accept-Encoding
Access-Control-Allow-Credentials: true
Cache-Control: no-cache
Pragma: no-cache
Expires: -1
Access-Control-Expose-Headers: Location
Location: http://jsonplaceholder.typicode.com/users/11
X-Content-Type-Options: nosniff
Etag: W/"204-HoyWcYIwYflJwgLtDh2GbgyHWwo"
Via: 1.1 vegur
CF-Cache-Status: DYNAMIC
Server-Timing: cf-q-config;dur=6.0000020312145e-06
Report-To: {"endpoints":[{"url":"https:\/\/a.nel.cloudflare.com\/report\/v3?s=9RjwWk2pUpVmHrYXYyRK5hhfKvvAxxLulWIDAaab0dIAWOUMG5fgzfkMjlMSOVp7M8NL32encTQ9tPljVPnk3QpKRGPxqvSoS8B%2BSFw2SKUsn2wAHLuT2TnF0CV6Rcx98E8J6F1J6ol%2BcKK1aBBl"}],"group":"cf-nel","max_age":604800}
NEL: {"success_fraction":0,"report_to":"cf-nel","max_age":604800}
Server: cloudflare
CF-RAY: 79fb4e8badd4ce40-SJC
alt-svc: h3=":443"; ma=86400, h3-29=":443"; ma=86400

{
    "0": {
        "id": 1,
        "email": "Sincere@april.biz",
        "address": {
            "street": "Kulas Light",
            "suite": "Apt. 556",
            "city": "Gwenborough",
            "zipcode": "92998-3874",
            "geo": {
                "lat": "-37.3159",
                "lng": "81.1496"
            }
        },
        "phone": "1-770-736-8031 x56442",
        "website": "hildegard.org",
        "company": {
            "name": "qsqvvvpp",
            "catchPhrase": "Multi-layered client-server neural-net",
            "bs": "harness real-time e-markets"
        }
    },
    "id": 11
}

2023-02-26 12:07:24 APIMethodPoller [TestNG-test=User API tests-1-55] [INFO] Request method:	POST
Request URI:	https://jsonplaceholder.typicode.com/users
Request params:	<none>
Query params:	<none>
Form params:	<none>
Path params:	<none>
Multiparts:		<none>
Cookies:		<none>
Headers:		Accept=*/*
				Content-Type=application/json; charset=UTF-8
Body:
[
    {
        "id": 1,
        "name": "Leanne Graham",
        "username": "fgghbjdj",
        "email": "Sincere@april.biz",
        "address": {
            "street": "Kulas Light",
            "suite": "Apt. 556",
            "city": "Gwenborough",
            "zipcode": "92998-3874",
            "geo": {
                "lat": "-37.3159",
                "lng": "81.1496"
            }
        },
        "phone": "1-770-736-8031 x56442",
        "website": "hildegard.org",
        "company": {
            "name": "stosqrqu",
            "catchPhrase": "Multi-layered client-server neural-net",
            "bs": "harness real-time e-markets"
        }
    }
]
HTTP/1.1 201 Created
Date: Sun, 26 Feb 2023 20:07:24 GMT
Content-Type: application/json; charset=utf-8
Content-Length: 573
Connection: keep-alive
X-Powered-By: Express
X-Ratelimit-Limit: 1000
X-Ratelimit-Remaining: 997
X-Ratelimit-Reset: 1677442092
Vary: Origin, X-HTTP-Method-Override, Accept-Encoding
Access-Control-Allow-Credentials: true
Cache-Control: no-cache
Pragma: no-cache
Expires: -1
Access-Control-Expose-Headers: Location
Location: http://jsonplaceholder.typicode.com/users/11
X-Content-Type-Options: nosniff
Etag: W/"23d-MGmkDbUzSfU/eOvDnR1UfUMibEc"
Via: 1.1 vegur
CF-Cache-Status: DYNAMIC
Server-Timing: cf-q-config;dur=1.2000004062429e-05
Report-To: {"endpoints":[{"url":"https:\/\/a.nel.cloudflare.com\/report\/v3?s=p1pHOpfInXYelLLBMSioGnvSpgvRcJJ2cReTHOOLdkBMrwb5fILZkQsPyLtGIw2HGubne6oRtYsvGhSlJBQo6GxbksiOlKxQBNZpqdthHgc8qxpXtlZOV%2BlQNug94zozYOajsevmANDoBJcEBXR7"}],"group":"cf-nel","max_age":604800}
NEL: {"success_fraction":0,"report_to":"cf-nel","max_age":604800}
Server: cloudflare
CF-RAY: 79fb4e8bac48faa6-SJC
alt-svc: h3=":443"; ma=86400, h3-29=":443"; ma=86400

{
    "0": {
        "id": 1,
        "name": "Leanne Graham",
        "username": "fgghbjdj",
        "email": "Sincere@april.biz",
        "address": {
            "street": "Kulas Light",
            "suite": "Apt. 556",
            "city": "Gwenborough",
            "zipcode": "92998-3874",
            "geo": {
                "lat": "-37.3159",
                "lng": "81.1496"
            }
        },
        "phone": "1-770-736-8031 x56442",
        "website": "hildegard.org",
        "company": {
            "name": "stosqrqu",
            "catchPhrase": "Multi-layered client-server neural-net",
            "bs": "harness real-time e-markets"
        }
    },
    "id": 11
}

]]></system-out>
  </testcase>
  <testcase name="testCreateUserMissingSomeFields" classname="com.test.carina.demo.APISampleTest" time="1.491">
    <system-out><![CDATA[2023-02-26 12:07:24 Messager [TestNG-test=User API tests-2-56] [INFO] TEST [User API tests - testCreateUserMissingSomeFields] PASSED at [12:07:24 2023-02-26]
]]></system-out>
  </testcase>
  <testcase name="testGetUsers" classname="com.test.carina.demo.APISampleTest" time="1.598">
    <system-out><![CDATA[2023-02-26 12:07:25 JsonValidator [TestNG-test=User API tests-4-58] [INFO] Validation against Json schema successfully passed
2023-02-26 12:07:25 Messager [TestNG-test=User API tests-4-58] [INFO] TEST [User API tests - testGetUsers] PASSED at [12:07:25 2023-02-26]
]]></system-out>
  </testcase>
  <testcase name="testCreateUser" classname="com.test.carina.demo.APISampleTest" time="5.206">
    <system-out><![CDATA[2023-02-26 12:07:26 APIMethodPoller [TestNG-test=User API tests-1-55] [INFO] Request method:	POST
Request URI:	https://jsonplaceholder.typicode.com/users
Request params:	<none>
Query params:	<none>
Form params:	<none>
Path params:	<none>
Multiparts:		<none>
Cookies:		<none>
Headers:		Accept=*/*
				Content-Type=application/json; charset=UTF-8
Body:
[
    {
        "id": 1,
        "name": "Leanne Graham",
        "username": "fgghbjdj",
        "email": "Sincere@april.biz",
        "address": {
            "street": "Kulas Light",
            "suite": "Apt. 556",
            "city": "Gwenborough",
            "zipcode": "92998-3874",
            "geo": {
                "lat": "-37.3159",
                "lng": "81.1496"
            }
        },
        "phone": "1-770-736-8031 x56442",
        "website": "hildegard.org",
        "company": {
            "name": "stosqrqu",
            "catchPhrase": "Multi-layered client-server neural-net",
            "bs": "harness real-time e-markets"
        }
    }
]
HTTP/1.1 201 Created
Date: Sun, 26 Feb 2023 20:07:26 GMT
Content-Type: application/json; charset=utf-8
Content-Length: 573
Connection: keep-alive
X-Powered-By: Express
X-Ratelimit-Limit: 1000
X-Ratelimit-Remaining: 996
X-Ratelimit-Reset: 1677442092
Vary: Origin, X-HTTP-Method-Override, Accept-Encoding
Access-Control-Allow-Credentials: true
Cache-Control: no-cache
Pragma: no-cache
Expires: -1
Access-Control-Expose-Headers: Location
Location: http://jsonplaceholder.typicode.com/users/11
X-Content-Type-Options: nosniff
Etag: W/"23d-MGmkDbUzSfU/eOvDnR1UfUMibEc"
Via: 1.1 vegur
CF-Cache-Status: DYNAMIC
Server-Timing: cf-q-config;dur=5.9999947552569e-06
Report-To: {"endpoints":[{"url":"https:\/\/a.nel.cloudflare.com\/report\/v3?s=bG6fu%2F9%2Bx1xpOY8cNYL000xpslHxsdR%2BYuAq4mOmGs6Jt1DKb6Y2%2B%2FwzsvQ%2BTFCWH6vv83ay0%2FEtYxRLZcZWyydx1kA54SzfJLaTDTd6E0%2B4vN%2ByEBwfL%2B8RiBcs3FBl4v%2ByKWLhzI%2BFwEZsStsE"}],"group":"cf-nel","max_age":604800}
NEL: {"success_fraction":0,"report_to":"cf-nel","max_age":604800}
Server: cloudflare
CF-RAY: 79fb4e936a929855-SJC
alt-svc: h3=":443"; ma=86400, h3-29=":443"; ma=86400

{
    "0": {
        "id": 1,
        "name": "Leanne Graham",
        "username": "fgghbjdj",
        "email": "Sincere@april.biz",
        "address": {
            "street": "Kulas Light",
            "suite": "Apt. 556",
            "city": "Gwenborough",
            "zipcode": "92998-3874",
            "geo": {
                "lat": "-37.3159",
                "lng": "81.1496"
            }
        },
        "phone": "1-770-736-8031 x56442",
        "website": "hildegard.org",
        "company": {
            "name": "stosqrqu",
            "catchPhrase": "Multi-layered client-server neural-net",
            "bs": "harness real-time e-markets"
        }
    },
    "id": 11
}

2023-02-26 12:07:27 APIMethodPoller [TestNG-test=User API tests-1-55] [INFO] Request method:	POST
Request URI:	https://jsonplaceholder.typicode.com/users
Request params:	<none>
Query params:	<none>
Form params:	<none>
Path params:	<none>
Multiparts:		<none>
Cookies:		<none>
Headers:		Accept=*/*
				Content-Type=application/json; charset=UTF-8
Body:
[
    {
        "id": 1,
        "name": "Leanne Graham",
        "username": "fgghbjdj",
        "email": "Sincere@april.biz",
        "address": {
            "street": "Kulas Light",
            "suite": "Apt. 556",
            "city": "Gwenborough",
            "zipcode": "92998-3874",
            "geo": {
                "lat": "-37.3159",
                "lng": "81.1496"
            }
        },
        "phone": "1-770-736-8031 x56442",
        "website": "hildegard.org",
        "company": {
            "name": "stosqrqu",
            "catchPhrase": "Multi-layered client-server neural-net",
            "bs": "harness real-time e-markets"
        }
    }
]
HTTP/1.1 201 Created
Date: Sun, 26 Feb 2023 20:07:27 GMT
Content-Type: application/json; charset=utf-8
Content-Length: 573
Connection: keep-alive
X-Powered-By: Express
X-Ratelimit-Limit: 1000
X-Ratelimit-Remaining: 995
X-Ratelimit-Reset: 1677442092
Vary: Origin, X-HTTP-Method-Override, Accept-Encoding
Access-Control-Allow-Credentials: true
Cache-Control: no-cache
Pragma: no-cache
Expires: -1
Access-Control-Expose-Headers: Location
Location: http://jsonplaceholder.typicode.com/users/11
X-Content-Type-Options: nosniff
Etag: W/"23d-MGmkDbUzSfU/eOvDnR1UfUMibEc"
Via: 1.1 vegur
CF-Cache-Status: DYNAMIC
Server-Timing: cf-q-config;dur=7.0000096457079e-06
Report-To: {"endpoints":[{"url":"https:\/\/a.nel.cloudflare.com\/report\/v3?s=Fh2u%2Bfi4Qo%2FCr3n%2F8zDM%2FERWWL1miFuejuTnKzHZKOFg3vpUBgs5peBQdOG98A3gqDxf1rNCSWE6rqlXqTJuIcWyJQhGLcv3MzcFkSOFOPHdk%2FOmUu0lN8Khqay5k76gsJ6wRD4FiSMPW4e%2F6RaQ"}],"group":"cf-nel","max_age":604800}
NEL: {"success_fraction":0,"report_to":"cf-nel","max_age":604800}
Server: cloudflare
CF-RAY: 79fb4e9b3ca4fa76-SJC
alt-svc: h3=":443"; ma=86400, h3-29=":443"; ma=86400

{
    "0": {
        "id": 1,
        "name": "Leanne Graham",
        "username": "fgghbjdj",
        "email": "Sincere@april.biz",
        "address": {
            "street": "Kulas Light",
            "suite": "Apt. 556",
            "city": "Gwenborough",
            "zipcode": "92998-3874",
            "geo": {
                "lat": "-37.3159",
                "lng": "81.1496"
            }
        },
        "phone": "1-770-736-8031 x56442",
        "website": "hildegard.org",
        "company": {
            "name": "stosqrqu",
            "catchPhrase": "Multi-layered client-server neural-net",
            "bs": "harness real-time e-markets"
        }
    },
    "id": 11
}

2023-02-26 12:07:28 APIMethodPoller [TestNG-test=User API tests-1-55] [INFO] Request method:	POST
Request URI:	https://jsonplaceholder.typicode.com/users
Request params:	<none>
Query params:	<none>
Form params:	<none>
Path params:	<none>
Multiparts:		<none>
Cookies:		<none>
Headers:		Accept=*/*
				Content-Type=application/json; charset=UTF-8
Body:
[
    {
        "id": 1,
        "name": "Leanne Graham",
        "username": "fgghbjdj",
        "email": "Sincere@april.biz",
        "address": {
            "street": "Kulas Light",
            "suite": "Apt. 556",
            "city": "Gwenborough",
            "zipcode": "92998-3874",
            "geo": {
                "lat": "-37.3159",
                "lng": "81.1496"
            }
        },
        "phone": "1-770-736-8031 x56442",
        "website": "hildegard.org",
        "company": {
            "name": "stosqrqu",
            "catchPhrase": "Multi-layered client-server neural-net",
            "bs": "harness real-time e-markets"
        }
    }
]
HTTP/1.1 201 Created
Date: Sun, 26 Feb 2023 20:07:28 GMT
Content-Type: application/json; charset=utf-8
Content-Length: 573
Connection: keep-alive
X-Powered-By: Express
X-Ratelimit-Limit: 1000
X-Ratelimit-Remaining: 994
X-Ratelimit-Reset: 1677442092
Vary: Origin, X-HTTP-Method-Override, Accept-Encoding
Access-Control-Allow-Credentials: true
Cache-Control: no-cache
Pragma: no-cache
Expires: -1
Access-Control-Expose-Headers: Location
Location: http://jsonplaceholder.typicode.com/users/11
X-Content-Type-Options: nosniff
Etag: W/"23d-MGmkDbUzSfU/eOvDnR1UfUMibEc"
Via: 1.1 vegur
CF-Cache-Status: DYNAMIC
Server-Timing: cf-q-config;dur=9.0000030468218e-06
Report-To: {"endpoints":[{"url":"https:\/\/a.nel.cloudflare.com\/report\/v3?s=%2F6K%2BQkulaqlPhMGANt5uoooskXihpTcE%2BFlDp8QOCbalRHzsxQUK3H6Ou1ddM38tsjwhCxaZF8kK0hVrkYRd%2BjYz%2B9SqDy60SQK2WP%2F3gfbTX97tYJIrhKh73vBIK%2F81qEjNxC%2FzKUf7wh1Iv7iG"}],"group":"cf-nel","max_age":604800}
NEL: {"success_fraction":0,"report_to":"cf-nel","max_age":604800}
Server: cloudflare
CF-RAY: 79fb4ea30cca24f7-SJC
alt-svc: h3=":443"; ma=86400, h3-29=":443"; ma=86400

{
    "0": {
        "id": 1,
        "name": "Leanne Graham",
        "username": "fgghbjdj",
        "email": "Sincere@april.biz",
        "address": {
            "street": "Kulas Light",
            "suite": "Apt. 556",
            "city": "Gwenborough",
            "zipcode": "92998-3874",
            "geo": {
                "lat": "-37.3159",
                "lng": "81.1496"
            }
        },
        "phone": "1-770-736-8031 x56442",
        "website": "hildegard.org",
        "company": {
            "name": "stosqrqu",
            "catchPhrase": "Multi-layered client-server neural-net",
            "bs": "harness real-time e-markets"
        }
    },
    "id": 11
}

2023-02-26 12:07:28 Messager [TestNG-test=User API tests-1-55] [INFO] TEST [User API tests - testCreateUser] PASSED at [12:07:28 2023-02-26]
]]></system-out>
  </testcase>
</testsuite>