<?xml version="1.0" encoding="UTF-8"?>
<!-- Generated by org.testng.reporters.JUnitReportReporter -->
<testsuite hostname="DESKTOP-IRRGJGH" failures="0" tests="4" name="com.test.carina.demo.APISampleTest" time="9.710" errors="0" timestamp="2023-02-26T12:07:28 PST" skipped="0">
  <testcase classname="com.test.carina.demo.APISampleTest" name="testDeleteUsers" time="1.450"/>
  <system-out/>
  <testcase classname="com.test.carina.demo.APISampleTest" name="testCreateUserMissingSomeFields" time="1.455"/>
  <system-out/>
  <testcase classname="com.test.carina.demo.APISampleTest" name="testGetUsers" time="1.600"/>
  <system-out/>
  <testcase classname="com.test.carina.demo.APISampleTest" name="testCreateUser" time="5.205"/>
  <system-out/>
</testsuite> <!-- com.test.carina.demo.APISampleTest -->
