<?xml version="1.0" encoding="UTF-8"?>
<!-- Generated by org.testng.reporters.JUnitReportReporter -->
<testsuite hostname="alexs-laptop" failures="0" tests="1" name="com.test.carina.demo.HelloWorld" time="0.061" errors="0" timestamp="2023-03-05T18:47:34 PST" skipped="0">
  <testcase classname="com.test.carina.demo.HelloWorld" name="helloWorld" time="0.061"/>
  <system-out/>
</testsuite> <!-- com.test.carina.demo.HelloWorld -->
